<?xml version="1.0" encoding="UTF-8"?>
<testsuite xmlns:xsi="http://www.w3.org/2001/XMLSchema-instance" xsi:noNamespaceSchemaLocation="https://maven.apache.org/surefire/maven-surefire-plugin/xsd/surefire-test-report-3.0.xsd" version="3.0" name="com.dovi.inventoryservice.InventoryServiceApplicationTests" time="6.403" tests="1" errors="0" skipped="0" failures="0">
  <properties>
    <property name="java.specification.version" value="17"/>
    <property name="sun.cpu.isalist" value="amd64"/>
    <property name="sun.jnu.encoding" value="Cp1252"/>
    <property name="java.class.path" value="D:\sandbox\DEV\java\ecommerce-ms\ms-parent\inventory-service\target\test-classes;D:\sandbox\DEV\java\ecommerce-ms\ms-parent\inventory-service\target\classes;D:\Users\hocem.zemouri-ext\.m2\repository\org\springframework\boot\spring-boot-starter-data-jpa\3.2.0\spring-boot-starter-data-jpa-3.2.0.jar;D:\Users\hocem.zemouri-ext\.m2\repository\org\springframework\boot\spring-boot-starter-aop\3.2.0\spring-boot-starter-aop-3.2.0.jar;D:\Users\hocem.zemouri-ext\.m2\repository\org\springframework\spring-aop\6.1.1\spring-aop-6.1.1.jar;D:\Users\hocem.zemouri-ext\.m2\repository\org\aspectj\aspectjweaver\1.9.20.1\aspectjweaver-1.9.20.1.jar;D:\Users\hocem.zemouri-ext\.m2\repository\org\springframework\boot\spring-boot-starter-jdbc\3.2.0\spring-boot-starter-jdbc-3.2.0.jar;D:\Users\hocem.zemouri-ext\.m2\repository\com\zaxxer\HikariCP\5.0.1\HikariCP-5.0.1.jar;D:\Users\hocem.zemouri-ext\.m2\repository\org\springframework\spring-jdbc\6.1.1\spring-jdbc-6.1.1.jar;D:\Users\hocem.zemouri-ext\.m2\repository\org\hibernate\orm\hibernate-core\6.3.1.Final\hibernate-core-6.3.1.Final.jar;D:\Users\hocem.zemouri-ext\.m2\repository\jakarta\persistence\jakarta.persistence-api\3.1.0\jakarta.persistence-api-3.1.0.jar;D:\Users\hocem.zemouri-ext\.m2\repository\jakarta\transaction\jakarta.transaction-api\2.0.1\jakarta.transaction-api-2.0.1.jar;D:\Users\hocem.zemouri-ext\.m2\repository\org\jboss\logging\jboss-logging\3.5.3.Final\jboss-logging-3.5.3.Final.jar;D:\Users\hocem.zemouri-ext\.m2\repository\org\hibernate\common\hibernate-commons-annotations\6.0.6.Final\hibernate-commons-annotations-6.0.6.Final.jar;D:\Users\hocem.zemouri-ext\.m2\repository\io\smallrye\jandex\3.1.2\jandex-3.1.2.jar;D:\Users\hocem.zemouri-ext\.m2\repository\com\fasterxml\classmate\1.6.0\classmate-1.6.0.jar;D:\Users\hocem.zemouri-ext\.m2\repository\net\bytebuddy\byte-buddy\1.14.10\byte-buddy-1.14.10.jar;D:\Users\hocem.zemouri-ext\.m2\repository\org\glassfish\jaxb\jaxb-runtime\4.0.4\jaxb-runtime-4.0.4.jar;D:\Users\hocem.zemouri-ext\.m2\repository\org\glassfish\jaxb\jaxb-core\4.0.4\jaxb-core-4.0.4.jar;D:\Users\hocem.zemouri-ext\.m2\repository\org\eclipse\angus\angus-activation\2.0.1\angus-activation-2.0.1.jar;D:\Users\hocem.zemouri-ext\.m2\repository\org\glassfish\jaxb\txw2\4.0.4\txw2-4.0.4.jar;D:\Users\hocem.zemouri-ext\.m2\repository\com\sun\istack\istack-commons-runtime\4.1.2\istack-commons-runtime-4.1.2.jar;D:\Users\hocem.zemouri-ext\.m2\repository\jakarta\inject\jakarta.inject-api\2.0.1\jakarta.inject-api-2.0.1.jar;D:\Users\hocem.zemouri-ext\.m2\repository\org\antlr\antlr4-runtime\4.10.1\antlr4-runtime-4.10.1.jar;D:\Users\hocem.zemouri-ext\.m2\repository\org\springframework\data\spring-data-jpa\3.2.0\spring-data-jpa-3.2.0.jar;D:\Users\hocem.zemouri-ext\.m2\repository\org\springframework\data\spring-data-commons\3.2.0\spring-data-commons-3.2.0.jar;D:\Users\hocem.zemouri-ext\.m2\repository\org\springframework\spring-orm\6.1.1\spring-orm-6.1.1.jar;D:\Users\hocem.zemouri-ext\.m2\repository\org\springframework\spring-context\6.1.1\spring-context-6.1.1.jar;D:\Users\hocem.zemouri-ext\.m2\repository\org\springframework\spring-tx\6.1.1\spring-tx-6.1.1.jar;D:\Users\hocem.zemouri-ext\.m2\repository\org\springframework\spring-beans\6.1.1\spring-beans-6.1.1.jar;D:\Users\hocem.zemouri-ext\.m2\repository\jakarta\annotation\jakarta.annotation-api\2.1.1\jakarta.annotation-api-2.1.1.jar;D:\Users\hocem.zemouri-ext\.m2\repository\org\slf4j\slf4j-api\2.0.9\slf4j-api-2.0.9.jar;D:\Users\hocem.zemouri-ext\.m2\repository\org\springframework\spring-aspects\6.1.1\spring-aspects-6.1.1.jar;D:\Users\hocem.zemouri-ext\.m2\repository\org\springframework\boot\spring-boot-starter-web\3.2.0\spring-boot-starter-web-3.2.0.jar;D:\Users\hocem.zemouri-ext\.m2\repository\org\springframework\boot\spring-boot-starter\3.2.0\spring-boot-starter-3.2.0.jar;D:\Users\hocem.zemouri-ext\.m2\repository\org\springframework\boot\spring-boot-starter-logging\3.2.0\spring-boot-starter-logging-3.2.0.jar;D:\Users\hocem.zemouri-ext\.m2\repository\ch\qos\logback\logback-classic\1.4.11\logback-classic-1.4.11.jar;D:\Users\hocem.zemouri-ext\.m2\repository\ch\qos\logback\logback-core\1.4.11\logback-core-1.4.11.jar;D:\Users\hocem.zemouri-ext\.m2\repository\org\apache\logging\log4j\log4j-to-slf4j\2.21.1\log4j-to-slf4j-2.21.1.jar;D:\Users\hocem.zemouri-ext\.m2\repository\org\apache\logging\log4j\log4j-api\2.21.1\log4j-api-2.21.1.jar;D:\Users\hocem.zemouri-ext\.m2\repository\org\slf4j\jul-to-slf4j\2.0.9\jul-to-slf4j-2.0.9.jar;D:\Users\hocem.zemouri-ext\.m2\repository\org\yaml\snakeyaml\2.2\snakeyaml-2.2.jar;D:\Users\hocem.zemouri-ext\.m2\repository\org\springframework\boot\spring-boot-starter-json\3.2.0\spring-boot-starter-json-3.2.0.jar;D:\Users\hocem.zemouri-ext\.m2\repository\com\fasterxml\jackson\core\jackson-databind\2.15.3\jackson-databind-2.15.3.jar;D:\Users\hocem.zemouri-ext\.m2\repository\com\fasterxml\jackson\core\jackson-annotations\2.15.3\jackson-annotations-2.15.3.jar;D:\Users\hocem.zemouri-ext\.m2\repository\com\fasterxml\jackson\core\jackson-core\2.15.3\jackson-core-2.15.3.jar;D:\Users\hocem.zemouri-ext\.m2\repository\com\fasterxml\jackson\datatype\jackson-datatype-jdk8\2.15.3\jackson-datatype-jdk8-2.15.3.jar;D:\Users\hocem.zemouri-ext\.m2\repository\com\fasterxml\jackson\datatype\jackson-datatype-jsr310\2.15.3\jackson-datatype-jsr310-2.15.3.jar;D:\Users\hocem.zemouri-ext\.m2\repository\com\fasterxml\jackson\module\jackson-module-parameter-names\2.15.3\jackson-module-parameter-names-2.15.3.jar;D:\Users\hocem.zemouri-ext\.m2\repository\org\springframework\boot\spring-boot-starter-tomcat\3.2.0\spring-boot-starter-tomcat-3.2.0.jar;D:\Users\hocem.zemouri-ext\.m2\repository\org\apache\tomcat\embed\tomcat-embed-core\10.1.16\tomcat-embed-core-10.1.16.jar;D:\Users\hocem.zemouri-ext\.m2\repository\org\apache\tomcat\embed\tomcat-embed-el\10.1.16\tomcat-embed-el-10.1.16.jar;D:\Users\hocem.zemouri-ext\.m2\repository\org\apache\tomcat\embed\tomcat-embed-websocket\10.1.16\tomcat-embed-websocket-10.1.16.jar;D:\Users\hocem.zemouri-ext\.m2\repository\org\springframework\spring-web\6.1.1\spring-web-6.1.1.jar;D:\Users\hocem.zemouri-ext\.m2\repository\io\micrometer\micrometer-observation\1.12.0\micrometer-observation-1.12.0.jar;D:\Users\hocem.zemouri-ext\.m2\repository\io\micrometer\micrometer-commons\1.12.0\micrometer-commons-1.12.0.jar;D:\Users\hocem.zemouri-ext\.m2\repository\org\springframework\spring-webmvc\6.1.1\spring-webmvc-6.1.1.jar;D:\Users\hocem.zemouri-ext\.m2\repository\org\springframework\spring-expression\6.1.1\spring-expression-6.1.1.jar;D:\Users\hocem.zemouri-ext\.m2\repository\org\springframework\boot\spring-boot-devtools\3.2.0\spring-boot-devtools-3.2.0.jar;D:\Users\hocem.zemouri-ext\.m2\repository\org\springframework\boot\spring-boot\3.2.0\spring-boot-3.2.0.jar;D:\Users\hocem.zemouri-ext\.m2\repository\org\springframework\boot\spring-boot-autoconfigure\3.2.0\spring-boot-autoconfigure-3.2.0.jar;D:\Users\hocem.zemouri-ext\.m2\repository\com\mysql\mysql-connector-j\8.1.0\mysql-connector-j-8.1.0.jar;D:\Users\hocem.zemouri-ext\.m2\repository\org\projectlombok\lombok\1.18.30\lombok-1.18.30.jar;D:\Users\hocem.zemouri-ext\.m2\repository\org\springframework\boot\spring-boot-starter-test\3.2.0\spring-boot-starter-test-3.2.0.jar;D:\Users\hocem.zemouri-ext\.m2\repository\org\springframework\boot\spring-boot-test\3.2.0\spring-boot-test-3.2.0.jar;D:\Users\hocem.zemouri-ext\.m2\repository\org\springframework\boot\spring-boot-test-autoconfigure\3.2.0\spring-boot-test-autoconfigure-3.2.0.jar;D:\Users\hocem.zemouri-ext\.m2\repository\com\jayway\jsonpath\json-path\2.8.0\json-path-2.8.0.jar;D:\Users\hocem.zemouri-ext\.m2\repository\jakarta\xml\bind\jakarta.xml.bind-api\4.0.1\jakarta.xml.bind-api-4.0.1.jar;D:\Users\hocem.zemouri-ext\.m2\repository\jakarta\activation\jakarta.activation-api\2.1.2\jakarta.activation-api-2.1.2.jar;D:\Users\hocem.zemouri-ext\.m2\repository\net\minidev\json-smart\2.5.0\json-smart-2.5.0.jar;D:\Users\hocem.zemouri-ext\.m2\repository\net\minidev\accessors-smart\2.5.0\accessors-smart-2.5.0.jar;D:\Users\hocem.zemouri-ext\.m2\repository\org\ow2\asm\asm\9.3\asm-9.3.jar;D:\Users\hocem.zemouri-ext\.m2\repository\org\assertj\assertj-core\3.24.2\assertj-core-3.24.2.jar;D:\Users\hocem.zemouri-ext\.m2\repository\org\awaitility\awaitility\4.2.0\awaitility-4.2.0.jar;D:\Users\hocem.zemouri-ext\.m2\repository\org\hamcrest\hamcrest\2.2\hamcrest-2.2.jar;D:\Users\hocem.zemouri-ext\.m2\repository\org\junit\jupiter\junit-jupiter\5.10.1\junit-jupiter-5.10.1.jar;D:\Users\hocem.zemouri-ext\.m2\repository\org\junit\jupiter\junit-jupiter-api\5.10.1\junit-jupiter-api-5.10.1.jar;D:\Users\hocem.zemouri-ext\.m2\repository\org\opentest4j\opentest4j\1.3.0\opentest4j-1.3.0.jar;D:\Users\hocem.zemouri-ext\.m2\repository\org\junit\platform\junit-platform-commons\1.10.1\junit-platform-commons-1.10.1.jar;D:\Users\hocem.zemouri-ext\.m2\repository\org\apiguardian\apiguardian-api\1.1.2\apiguardian-api-1.1.2.jar;D:\Users\hocem.zemouri-ext\.m2\repository\org\junit\jupiter\junit-jupiter-params\5.10.1\junit-jupiter-params-5.10.1.jar;D:\Users\hocem.zemouri-ext\.m2\repository\org\junit\jupiter\junit-jupiter-engine\5.10.1\junit-jupiter-engine-5.10.1.jar;D:\Users\hocem.zemouri-ext\.m2\repository\org\junit\platform\junit-platform-engine\1.10.1\junit-platform-engine-1.10.1.jar;D:\Users\hocem.zemouri-ext\.m2\repository\org\mockito\mockito-core\5.7.0\mockito-core-5.7.0.jar;D:\Users\hocem.zemouri-ext\.m2\repository\net\bytebuddy\byte-buddy-agent\1.14.10\byte-buddy-agent-1.14.10.jar;D:\Users\hocem.zemouri-ext\.m2\repository\org\objenesis\objenesis\3.3\objenesis-3.3.jar;D:\Users\hocem.zemouri-ext\.m2\repository\org\mockito\mockito-junit-jupiter\5.7.0\mockito-junit-jupiter-5.7.0.jar;D:\Users\hocem.zemouri-ext\.m2\repository\org\skyscreamer\jsonassert\1.5.1\jsonassert-1.5.1.jar;D:\Users\hocem.zemouri-ext\.m2\repository\com\vaadin\external\google\android-json\0.0.20131108.vaadin1\android-json-0.0.20131108.vaadin1.jar;D:\Users\hocem.zemouri-ext\.m2\repository\org\springframework\spring-core\6.1.1\spring-core-6.1.1.jar;D:\Users\hocem.zemouri-ext\.m2\repository\org\springframework\spring-jcl\6.1.1\spring-jcl-6.1.1.jar;D:\Users\hocem.zemouri-ext\.m2\repository\org\springframework\spring-test\6.1.1\spring-test-6.1.1.jar;D:\Users\hocem.zemouri-ext\.m2\repository\org\xmlunit\xmlunit-core\2.9.1\xmlunit-core-2.9.1.jar;"/>
    <property name="java.vm.vendor" value="Oracle Corporation"/>
    <property name="sun.arch.data.model" value="64"/>
    <property name="user.variant" value=""/>
    <property name="java.vendor.url" value="https://java.oracle.com/"/>
    <property name="user.timezone" value="Europe/Paris"/>
    <property name="org.jboss.logging.provider" value="slf4j"/>
    <property name="os.name" value="Windows 10"/>
    <property name="java.vm.specification.version" value="17"/>
    <property name="sun.java.launcher" value="SUN_STANDARD"/>
    <property name="user.country" value="FR"/>
    <property name="sun.boot.library.path" value="C:\Program Files\Java\jdk-17\bin"/>
    <property name="sun.java.command" value="D:\Users\hocem.zemouri-ext\AppData\Local\Temp\surefire10227132940680635342\surefirebooter-20231204144204596_12.jar D:\Users\hocem.zemouri-ext\AppData\Local\Temp\surefire10227132940680635342 2023-12-04T14-41-11_454-jvmRun1 surefire-20231204144204596_10tmp surefire_2-20231204144204596_11tmp"/>
    <property name="jdk.debug" value="release"/>
    <property name="surefire.test.class.path" value="D:\sandbox\DEV\java\ecommerce-ms\ms-parent\inventory-service\target\test-classes;D:\sandbox\DEV\java\ecommerce-ms\ms-parent\inventory-service\target\classes;D:\Users\hocem.zemouri-ext\.m2\repository\org\springframework\boot\spring-boot-starter-data-jpa\3.2.0\spring-boot-starter-data-jpa-3.2.0.jar;D:\Users\hocem.zemouri-ext\.m2\repository\org\springframework\boot\spring-boot-starter-aop\3.2.0\spring-boot-starter-aop-3.2.0.jar;D:\Users\hocem.zemouri-ext\.m2\repository\org\springframework\spring-aop\6.1.1\spring-aop-6.1.1.jar;D:\Users\hocem.zemouri-ext\.m2\repository\org\aspectj\aspectjweaver\1.9.20.1\aspectjweaver-1.9.20.1.jar;D:\Users\hocem.zemouri-ext\.m2\repository\org\springframework\boot\spring-boot-starter-jdbc\3.2.0\spring-boot-starter-jdbc-3.2.0.jar;D:\Users\hocem.zemouri-ext\.m2\repository\com\zaxxer\HikariCP\5.0.1\HikariCP-5.0.1.jar;D:\Users\hocem.zemouri-ext\.m2\repository\org\springframework\spring-jdbc\6.1.1\spring-jdbc-6.1.1.jar;D:\Users\hocem.zemouri-ext\.m2\repository\org\hibernate\orm\hibernate-core\6.3.1.Final\hibernate-core-6.3.1.Final.jar;D:\Users\hocem.zemouri-ext\.m2\repository\jakarta\persistence\jakarta.persistence-api\3.1.0\jakarta.persistence-api-3.1.0.jar;D:\Users\hocem.zemouri-ext\.m2\repository\jakarta\transaction\jakarta.transaction-api\2.0.1\jakarta.transaction-api-2.0.1.jar;D:\Users\hocem.zemouri-ext\.m2\repository\org\jboss\logging\jboss-logging\3.5.3.Final\jboss-logging-3.5.3.Final.jar;D:\Users\hocem.zemouri-ext\.m2\repository\org\hibernate\common\hibernate-commons-annotations\6.0.6.Final\hibernate-commons-annotations-6.0.6.Final.jar;D:\Users\hocem.zemouri-ext\.m2\repository\io\smallrye\jandex\3.1.2\jandex-3.1.2.jar;D:\Users\hocem.zemouri-ext\.m2\repository\com\fasterxml\classmate\1.6.0\classmate-1.6.0.jar;D:\Users\hocem.zemouri-ext\.m2\repository\net\bytebuddy\byte-buddy\1.14.10\byte-buddy-1.14.10.jar;D:\Users\hocem.zemouri-ext\.m2\repository\org\glassfish\jaxb\jaxb-runtime\4.0.4\jaxb-runtime-4.0.4.jar;D:\Users\hocem.zemouri-ext\.m2\repository\org\glassfish\jaxb\jaxb-core\4.0.4\jaxb-core-4.0.4.jar;D:\Users\hocem.zemouri-ext\.m2\repository\org\eclipse\angus\angus-activation\2.0.1\angus-activation-2.0.1.jar;D:\Users\hocem.zemouri-ext\.m2\repository\org\glassfish\jaxb\txw2\4.0.4\txw2-4.0.4.jar;D:\Users\hocem.zemouri-ext\.m2\repository\com\sun\istack\istack-commons-runtime\4.1.2\istack-commons-runtime-4.1.2.jar;D:\Users\hocem.zemouri-ext\.m2\repository\jakarta\inject\jakarta.inject-api\2.0.1\jakarta.inject-api-2.0.1.jar;D:\Users\hocem.zemouri-ext\.m2\repository\org\antlr\antlr4-runtime\4.10.1\antlr4-runtime-4.10.1.jar;D:\Users\hocem.zemouri-ext\.m2\repository\org\springframework\data\spring-data-jpa\3.2.0\spring-data-jpa-3.2.0.jar;D:\Users\hocem.zemouri-ext\.m2\repository\org\springframework\data\spring-data-commons\3.2.0\spring-data-commons-3.2.0.jar;D:\Users\hocem.zemouri-ext\.m2\repository\org\springframework\spring-orm\6.1.1\spring-orm-6.1.1.jar;D:\Users\hocem.zemouri-ext\.m2\repository\org\springframework\spring-context\6.1.1\spring-context-6.1.1.jar;D:\Users\hocem.zemouri-ext\.m2\repository\org\springframework\spring-tx\6.1.1\spring-tx-6.1.1.jar;D:\Users\hocem.zemouri-ext\.m2\repository\org\springframework\spring-beans\6.1.1\spring-beans-6.1.1.jar;D:\Users\hocem.zemouri-ext\.m2\repository\jakarta\annotation\jakarta.annotation-api\2.1.1\jakarta.annotation-api-2.1.1.jar;D:\Users\hocem.zemouri-ext\.m2\repository\org\slf4j\slf4j-api\2.0.9\slf4j-api-2.0.9.jar;D:\Users\hocem.zemouri-ext\.m2\repository\org\springframework\spring-aspects\6.1.1\spring-aspects-6.1.1.jar;D:\Users\hocem.zemouri-ext\.m2\repository\org\springframework\boot\spring-boot-starter-web\3.2.0\spring-boot-starter-web-3.2.0.jar;D:\Users\hocem.zemouri-ext\.m2\repository\org\springframework\boot\spring-boot-starter\3.2.0\spring-boot-starter-3.2.0.jar;D:\Users\hocem.zemouri-ext\.m2\repository\org\springframework\boot\spring-boot-starter-logging\3.2.0\spring-boot-starter-logging-3.2.0.jar;D:\Users\hocem.zemouri-ext\.m2\repository\ch\qos\logback\logback-classic\1.4.11\logback-classic-1.4.11.jar;D:\Users\hocem.zemouri-ext\.m2\repository\ch\qos\logback\logback-core\1.4.11\logback-core-1.4.11.jar;D:\Users\hocem.zemouri-ext\.m2\repository\org\apache\logging\log4j\log4j-to-slf4j\2.21.1\log4j-to-slf4j-2.21.1.jar;D:\Users\hocem.zemouri-ext\.m2\repository\org\apache\logging\log4j\log4j-api\2.21.1\log4j-api-2.21.1.jar;D:\Users\hocem.zemouri-ext\.m2\repository\org\slf4j\jul-to-slf4j\2.0.9\jul-to-slf4j-2.0.9.jar;D:\Users\hocem.zemouri-ext\.m2\repository\org\yaml\snakeyaml\2.2\snakeyaml-2.2.jar;D:\Users\hocem.zemouri-ext\.m2\repository\org\springframework\boot\spring-boot-starter-json\3.2.0\spring-boot-starter-json-3.2.0.jar;D:\Users\hocem.zemouri-ext\.m2\repository\com\fasterxml\jackson\core\jackson-databind\2.15.3\jackson-databind-2.15.3.jar;D:\Users\hocem.zemouri-ext\.m2\repository\com\fasterxml\jackson\core\jackson-annotations\2.15.3\jackson-annotations-2.15.3.jar;D:\Users\hocem.zemouri-ext\.m2\repository\com\fasterxml\jackson\core\jackson-core\2.15.3\jackson-core-2.15.3.jar;D:\Users\hocem.zemouri-ext\.m2\repository\com\fasterxml\jackson\datatype\jackson-datatype-jdk8\2.15.3\jackson-datatype-jdk8-2.15.3.jar;D:\Users\hocem.zemouri-ext\.m2\repository\com\fasterxml\jackson\datatype\jackson-datatype-jsr310\2.15.3\jackson-datatype-jsr310-2.15.3.jar;D:\Users\hocem.zemouri-ext\.m2\repository\com\fasterxml\jackson\module\jackson-module-parameter-names\2.15.3\jackson-module-parameter-names-2.15.3.jar;D:\Users\hocem.zemouri-ext\.m2\repository\org\springframework\boot\spring-boot-starter-tomcat\3.2.0\spring-boot-starter-tomcat-3.2.0.jar;D:\Users\hocem.zemouri-ext\.m2\repository\org\apache\tomcat\embed\tomcat-embed-core\10.1.16\tomcat-embed-core-10.1.16.jar;D:\Users\hocem.zemouri-ext\.m2\repository\org\apache\tomcat\embed\tomcat-embed-el\10.1.16\tomcat-embed-el-10.1.16.jar;D:\Users\hocem.zemouri-ext\.m2\repository\org\apache\tomcat\embed\tomcat-embed-websocket\10.1.16\tomcat-embed-websocket-10.1.16.jar;D:\Users\hocem.zemouri-ext\.m2\repository\org\springframework\spring-web\6.1.1\spring-web-6.1.1.jar;D:\Users\hocem.zemouri-ext\.m2\repository\io\micrometer\micrometer-observation\1.12.0\micrometer-observation-1.12.0.jar;D:\Users\hocem.zemouri-ext\.m2\repository\io\micrometer\micrometer-commons\1.12.0\micrometer-commons-1.12.0.jar;D:\Users\hocem.zemouri-ext\.m2\repository\org\springframework\spring-webmvc\6.1.1\spring-webmvc-6.1.1.jar;D:\Users\hocem.zemouri-ext\.m2\repository\org\springframework\spring-expression\6.1.1\spring-expression-6.1.1.jar;D:\Users\hocem.zemouri-ext\.m2\repository\org\springframework\boot\spring-boot-devtools\3.2.0\spring-boot-devtools-3.2.0.jar;D:\Users\hocem.zemouri-ext\.m2\repository\org\springframework\boot\spring-boot\3.2.0\spring-boot-3.2.0.jar;D:\Users\hocem.zemouri-ext\.m2\repository\org\springframework\boot\spring-boot-autoconfigure\3.2.0\spring-boot-autoconfigure-3.2.0.jar;D:\Users\hocem.zemouri-ext\.m2\repository\com\mysql\mysql-connector-j\8.1.0\mysql-connector-j-8.1.0.jar;D:\Users\hocem.zemouri-ext\.m2\repository\org\projectlombok\lombok\1.18.30\lombok-1.18.30.jar;D:\Users\hocem.zemouri-ext\.m2\repository\org\springframework\boot\spring-boot-starter-test\3.2.0\spring-boot-starter-test-3.2.0.jar;D:\Users\hocem.zemouri-ext\.m2\repository\org\springframework\boot\spring-boot-test\3.2.0\spring-boot-test-3.2.0.jar;D:\Users\hocem.zemouri-ext\.m2\repository\org\springframework\boot\spring-boot-test-autoconfigure\3.2.0\spring-boot-test-autoconfigure-3.2.0.jar;D:\Users\hocem.zemouri-ext\.m2\repository\com\jayway\jsonpath\json-path\2.8.0\json-path-2.8.0.jar;D:\Users\hocem.zemouri-ext\.m2\repository\jakarta\xml\bind\jakarta.xml.bind-api\4.0.1\jakarta.xml.bind-api-4.0.1.jar;D:\Users\hocem.zemouri-ext\.m2\repository\jakarta\activation\jakarta.activation-api\2.1.2\jakarta.activation-api-2.1.2.jar;D:\Users\hocem.zemouri-ext\.m2\repository\net\minidev\json-smart\2.5.0\json-smart-2.5.0.jar;D:\Users\hocem.zemouri-ext\.m2\repository\net\minidev\accessors-smart\2.5.0\accessors-smart-2.5.0.jar;D:\Users\hocem.zemouri-ext\.m2\repository\org\ow2\asm\asm\9.3\asm-9.3.jar;D:\Users\hocem.zemouri-ext\.m2\repository\org\assertj\assertj-core\3.24.2\assertj-core-3.24.2.jar;D:\Users\hocem.zemouri-ext\.m2\repository\org\awaitility\awaitility\4.2.0\awaitility-4.2.0.jar;D:\Users\hocem.zemouri-ext\.m2\repository\org\hamcrest\hamcrest\2.2\hamcrest-2.2.jar;D:\Users\hocem.zemouri-ext\.m2\repository\org\junit\jupiter\junit-jupiter\5.10.1\junit-jupiter-5.10.1.jar;D:\Users\hocem.zemouri-ext\.m2\repository\org\junit\jupiter\junit-jupiter-api\5.10.1\junit-jupiter-api-5.10.1.jar;D:\Users\hocem.zemouri-ext\.m2\repository\org\opentest4j\opentest4j\1.3.0\opentest4j-1.3.0.jar;D:\Users\hocem.zemouri-ext\.m2\repository\org\junit\platform\junit-platform-commons\1.10.1\junit-platform-commons-1.10.1.jar;D:\Users\hocem.zemouri-ext\.m2\repository\org\apiguardian\apiguardian-api\1.1.2\apiguardian-api-1.1.2.jar;D:\Users\hocem.zemouri-ext\.m2\repository\org\junit\jupiter\junit-jupiter-params\5.10.1\junit-jupiter-params-5.10.1.jar;D:\Users\hocem.zemouri-ext\.m2\repository\org\junit\jupiter\junit-jupiter-engine\5.10.1\junit-jupiter-engine-5.10.1.jar;D:\Users\hocem.zemouri-ext\.m2\repository\org\junit\platform\junit-platform-engine\1.10.1\junit-platform-engine-1.10.1.jar;D:\Users\hocem.zemouri-ext\.m2\repository\org\mockito\mockito-core\5.7.0\mockito-core-5.7.0.jar;D:\Users\hocem.zemouri-ext\.m2\repository\net\bytebuddy\byte-buddy-agent\1.14.10\byte-buddy-agent-1.14.10.jar;D:\Users\hocem.zemouri-ext\.m2\repository\org\objenesis\objenesis\3.3\objenesis-3.3.jar;D:\Users\hocem.zemouri-ext\.m2\repository\org\mockito\mockito-junit-jupiter\5.7.0\mockito-junit-jupiter-5.7.0.jar;D:\Users\hocem.zemouri-ext\.m2\repository\org\skyscreamer\jsonassert\1.5.1\jsonassert-1.5.1.jar;D:\Users\hocem.zemouri-ext\.m2\repository\com\vaadin\external\google\android-json\0.0.20131108.vaadin1\android-json-0.0.20131108.vaadin1.jar;D:\Users\hocem.zemouri-ext\.m2\repository\org\springframework\spring-core\6.1.1\spring-core-6.1.1.jar;D:\Users\hocem.zemouri-ext\.m2\repository\org\springframework\spring-jcl\6.1.1\spring-jcl-6.1.1.jar;D:\Users\hocem.zemouri-ext\.m2\repository\org\springframework\spring-test\6.1.1\spring-test-6.1.1.jar;D:\Users\hocem.zemouri-ext\.m2\repository\org\xmlunit\xmlunit-core\2.9.1\xmlunit-core-2.9.1.jar;"/>
    <property name="sun.cpu.endian" value="little"/>
    <property name="user.home" value="D:\Users\hocem.zemouri-ext"/>
    <property name="user.language" value="fr"/>
    <property name="java.specification.vendor" value="Oracle Corporation"/>
    <property name="java.version.date" value="2023-07-18"/>
    <property name="java.home" value="C:\Program Files\Java\jdk-17"/>
    <property name="file.separator" value="\"/>
    <property name="basedir" value="D:\sandbox\DEV\java\ecommerce-ms\ms-parent\inventory-service"/>
    <property name="java.vm.compressedOopsMode" value="Zero based"/>
    <property name="line.separator" value="&#10;"/>
    <property name="java.vm.specification.vendor" value="Oracle Corporation"/>
    <property name="java.specification.name" value="Java Platform API Specification"/>
    <property name="FILE_LOG_CHARSET" value="windows-1252"/>
    <property name="java.awt.headless" value="true"/>
    <property name="surefire.real.class.path" value="D:\Users\hocem.zemouri-ext\AppData\Local\Temp\surefire10227132940680635342\surefirebooter-20231204144204596_12.jar"/>
    <property name="user.script" value=""/>
    <property name="sun.management.compiler" value="HotSpot 64-Bit Tiered Compilers"/>
    <property name="java.runtime.version" value="17.0.8+9-LTS-211"/>
    <property name="user.name" value="hocem.zemouri-ext"/>
    <property name="path.separator" value=";"/>
    <property name="os.version" value="10.0"/>
    <property name="java.runtime.name" value="Java(TM) SE Runtime Environment"/>
    <property name="file.encoding" value="Cp1252"/>
    <property name="java.vm.name" value="Java HotSpot(TM) 64-Bit Server VM"/>
    <property name="localRepository" value="D:\Users\hocem.zemouri-ext\.m2\repository"/>
    <property name="java.vendor.url.bug" value="https://bugreport.java.com/bugreport/"/>
    <property name="java.io.tmpdir" value="D:\Users\hocem.zemouri-ext\AppData\Local\Temp\"/>
    <property name="idea.version" value="2022.2.1"/>
    <property name="com.zaxxer.hikari.pool_number" value="1"/>
    <property name="java.version" value="17.0.8"/>
    <property name="user.dir" value="D:\sandbox\DEV\java\ecommerce-ms\ms-parent\inventory-service"/>
    <property name="os.arch" value="amd64"/>
    <property name="java.vm.specification.name" value="Java Virtual Machine Specification"/>
    <property name="PID" value="28600"/>
    <property name="sun.os.patch.level" value=""/>
    <property name="CONSOLE_LOG_CHARSET" value="windows-1252"/>
    <property name="native.encoding" value="Cp1252"/>
    <property name="java.library.path" value="C:\Program Files\Java\jdk-17\bin;C:\Windows\Sun\Java\bin;C:\Windows\system32;C:\Windows;C:\Program Files\Common Files\Oracle\Java\javapath;D:\Program Files\OpenLogic\jdk-11.0.20.8-hotspot\bin;C:\Python27\;C:\Python27\Scripts;C:\Python311\Scripts\;C:\Python311\;C:\Program Files\Java\jdk1.8.0_202\bin;C:\Program Files (x86)\Common Files\Oracle\Java\javapath;C:\Windows\system32;C:\Windows;C:\Windows\System32\Wbem;C:\Windows\System32\WindowsPowerShell\v1.0\;C:\Windows\System32\OpenSSH\;D:\apache-maven-3.8.6\bin;C:\Program Files\MySQL\MySQL Server 8.0\bin;C:\Program Files\PuTTY\;C:\Program Files\Git\cmd;C:\Program Files\Docker\Docker\resources\bin;C:\ProgramData\chocolatey\bin;%AppData%\npm;C:\Program Files\nodejs\;C:\Program Files\SlikSvn\bin;C:\Program Files\TortoiseSVN\bin;D:\Users\hocem.zemouri-ext\AppData\Local\Programs\Python\Python312\Scripts\;D:\Users\hocem.zemouri-ext\AppData\Local\Programs\Python\Python312\;D:\Users\hocem.zemouri-ext\AppData\Local\Microsoft\WindowsApps;D:\Users\hocem.zemouri-ext\AppData\Local\Programs\Microsoft VS Code\bin;D:\Users\hocem.zemouri-ext\AppData\Local\Programs\Fiddler;D:\Users\hocem.zemouri-ext\AppData\Local\JetBrains\Toolbox\scripts;D:\Users\hocem.zemouri-ext\AppData\Roaming\npm;D:\Program Files\mongosh\;."/>
    <property name="java.vm.info" value="mixed mode, sharing"/>
    <property name="java.vendor" value="Oracle Corporation"/>
    <property name="java.vm.version" value="17.0.8+9-LTS-211"/>
    <property name="sun.io.unicode.encoding" value="UnicodeLittle"/>
    <property name="java.class.version" value="61.0"/>
  </properties>
  <testcase name="contextLoads" classname="com.dovi.inventoryservice.InventoryServiceApplicationTests" time="0.637">
    <system-out><![CDATA[14:42:05.542 [main] INFO org.springframework.test.context.support.AnnotationConfigContextLoaderUtils -- Could not detect default configuration classes for test class [com.dovi.inventoryservice.InventoryServiceApplicationTests]: InventoryServiceApplicationTests does not declare any static, non-private, non-final, nested classes annotated with @Configuration.
14:42:05.658 [main] INFO org.springframework.boot.test.context.SpringBootTestContextBootstrapper -- Found @SpringBootConfiguration com.dovi.inventoryservice.InventoryServiceApplication for test class com.dovi.inventoryservice.InventoryServiceApplicationTests
14:42:05.880 [main] INFO org.springframework.boot.devtools.restart.RestartApplicationListener -- Restart disabled due to context in which it is running

  .   ____          _            __ _ _
 /\\ / ___'_ __ _ _(_)_ __  __ _ \ \ \ \
( ( )\___ | '_ | '_| | '_ \/ _` | \ \ \ \
 \\/  ___)| |_)| | | | | || (_| |  ) ) ) )
  '  |____| .__|_| |_|_| |_\__, | / / / /
 =========|_|==============|___/=/_/_/_/
 :: Spring Boot ::                (v3.2.0)

2023-12-04T14:42:06.164+01:00  INFO 28600 --- [           main] c.d.i.InventoryServiceApplicationTests   : Starting InventoryServiceApplicationTests using Java 17.0.8 with PID 28600 (started by hocem.zemouri-ext in D:\sandbox\DEV\java\ecommerce-ms\ms-parent\inventory-service)
2023-12-04T14:42:06.166+01:00  INFO 28600 --- [           main] c.d.i.InventoryServiceApplicationTests   : No active profile set, falling back to 1 default profile: "default"
2023-12-04T14:42:07.027+01:00  INFO 28600 --- [           main] .s.d.r.c.RepositoryConfigurationDelegate : Bootstrapping Spring Data JPA repositories in DEFAULT mode.
2023-12-04T14:42:07.104+01:00  INFO 28600 --- [           main] .s.d.r.c.RepositoryConfigurationDelegate : Finished Spring Data repository scanning in 64 ms. Found 1 JPA repository interface.
2023-12-04T14:42:07.714+01:00  INFO 28600 --- [           main] o.hibernate.jpa.internal.util.LogHelper  : HHH000204: Processing PersistenceUnitInfo [name: default]
2023-12-04T14:42:07.809+01:00  INFO 28600 --- [           main] org.hibernate.Version                    : HHH000412: Hibernate ORM core version 6.3.1.Final
2023-12-04T14:42:07.871+01:00  INFO 28600 --- [           main] o.h.c.internal.RegionFactoryInitiator    : HHH000026: Second-level cache disabled
2023-12-04T14:42:08.278+01:00  INFO 28600 --- [           main] o.s.o.j.p.SpringPersistenceUnitInfo      : No LoadTimeWeaver setup: ignoring JPA class transformer
2023-12-04T14:42:08.341+01:00  INFO 28600 --- [           main] com.zaxxer.hikari.HikariDataSource       : HikariPool-1 - Starting...
2023-12-04T14:42:08.869+01:00  INFO 28600 --- [           main] com.zaxxer.hikari.pool.HikariPool        : HikariPool-1 - Added connection com.mysql.cj.jdbc.ConnectionImpl@320ff86f
2023-12-04T14:42:08.873+01:00  INFO 28600 --- [           main] com.zaxxer.hikari.HikariDataSource       : HikariPool-1 - Start completed.
2023-12-04T14:42:08.955+01:00  WARN 28600 --- [           main] org.hibernate.orm.deprecation            : HHH90000025: MySQLDialect does not need to be specified explicitly using 'hibernate.dialect' (remove the property setting and it will be selected by default)
2023-12-04T14:42:09.973+01:00  INFO 28600 --- [           main] o.h.e.t.j.p.i.JtaPlatformInitiator       : HHH000489: No JTA platform available (set 'hibernate.transaction.jta.platform' to enable JTA platform integration)
2023-12-04T14:42:10.037+01:00  INFO 28600 --- [           main] j.LocalContainerEntityManagerFactoryBean : Initialized JPA EntityManagerFactory for persistence unit 'default'
2023-12-04T14:42:10.591+01:00  WARN 28600 --- [           main] JpaBaseConfiguration$JpaWebConfiguration : spring.jpa.open-in-view is enabled by default. Therefore, database queries may be performed during view rendering. Explicitly configure spring.jpa.open-in-view to disable this warning
2023-12-04T14:42:11.036+01:00  INFO 28600 --- [           main] c.d.i.InventoryServiceApplicationTests   : Started InventoryServiceApplicationTests in 5.179 seconds (process running for 6.297)
Hibernate: insert into t_inventory (quantity,sku_code) values (?,?)
Hibernate: insert into t_inventory (quantity,sku_code) values (?,?)
]]></system-out>
  </testcase>
</testsuite>