<?xml version="1.0" encoding="UTF-8"?>
<testsuite xmlns:xsi="http://www.w3.org/2001/XMLSchema-instance" xsi:noNamespaceSchemaLocation="https://maven.apache.org/surefire/maven-surefire-plugin/xsd/surefire-test-report-3.0.xsd" version="3.0" name="fr.dovi.productservice.ProductServiceApplicationTests" time="10.785" tests="2" errors="0" skipped="0" failures="0">
  <properties>
    <property name="java.specification.version" value="17"/>
    <property name="sun.cpu.isalist" value="amd64"/>
    <property name="sun.jnu.encoding" value="Cp1252"/>
    <property name="java.class.path" value="D:\sandbox\DEV\java\ecommerce-ms\ms-parent\product-service\target\test-classes;D:\sandbox\DEV\java\ecommerce-ms\ms-parent\product-service\target\classes;D:\Users\hocem.zemouri-ext\.m2\repository\org\springframework\boot\spring-boot-starter-data-mongodb\3.2.0\spring-boot-starter-data-mongodb-3.2.0.jar;D:\Users\hocem.zemouri-ext\.m2\repository\org\springframework\boot\spring-boot-starter\3.2.0\spring-boot-starter-3.2.0.jar;D:\Users\hocem.zemouri-ext\.m2\repository\org\springframework\boot\spring-boot\3.2.0\spring-boot-3.2.0.jar;D:\Users\hocem.zemouri-ext\.m2\repository\org\springframework\boot\spring-boot-autoconfigure\3.2.0\spring-boot-autoconfigure-3.2.0.jar;D:\Users\hocem.zemouri-ext\.m2\repository\org\springframework\boot\spring-boot-starter-logging\3.2.0\spring-boot-starter-logging-3.2.0.jar;D:\Users\hocem.zemouri-ext\.m2\repository\ch\qos\logback\logback-classic\1.4.11\logback-classic-1.4.11.jar;D:\Users\hocem.zemouri-ext\.m2\repository\ch\qos\logback\logback-core\1.4.11\logback-core-1.4.11.jar;D:\Users\hocem.zemouri-ext\.m2\repository\org\apache\logging\log4j\log4j-to-slf4j\2.21.1\log4j-to-slf4j-2.21.1.jar;D:\Users\hocem.zemouri-ext\.m2\repository\org\apache\logging\log4j\log4j-api\2.21.1\log4j-api-2.21.1.jar;D:\Users\hocem.zemouri-ext\.m2\repository\org\slf4j\jul-to-slf4j\2.0.9\jul-to-slf4j-2.0.9.jar;D:\Users\hocem.zemouri-ext\.m2\repository\jakarta\annotation\jakarta.annotation-api\2.1.1\jakarta.annotation-api-2.1.1.jar;D:\Users\hocem.zemouri-ext\.m2\repository\org\yaml\snakeyaml\2.2\snakeyaml-2.2.jar;D:\Users\hocem.zemouri-ext\.m2\repository\org\mongodb\mongodb-driver-sync\4.11.1\mongodb-driver-sync-4.11.1.jar;D:\Users\hocem.zemouri-ext\.m2\repository\org\mongodb\bson\4.11.1\bson-4.11.1.jar;D:\Users\hocem.zemouri-ext\.m2\repository\org\mongodb\mongodb-driver-core\4.11.1\mongodb-driver-core-4.11.1.jar;D:\Users\hocem.zemouri-ext\.m2\repository\org\mongodb\bson-record-codec\4.11.1\bson-record-codec-4.11.1.jar;D:\Users\hocem.zemouri-ext\.m2\repository\org\springframework\data\spring-data-mongodb\4.2.0\spring-data-mongodb-4.2.0.jar;D:\Users\hocem.zemouri-ext\.m2\repository\org\springframework\spring-tx\6.1.1\spring-tx-6.1.1.jar;D:\Users\hocem.zemouri-ext\.m2\repository\org\springframework\spring-context\6.1.1\spring-context-6.1.1.jar;D:\Users\hocem.zemouri-ext\.m2\repository\org\springframework\spring-beans\6.1.1\spring-beans-6.1.1.jar;D:\Users\hocem.zemouri-ext\.m2\repository\org\springframework\spring-expression\6.1.1\spring-expression-6.1.1.jar;D:\Users\hocem.zemouri-ext\.m2\repository\org\springframework\data\spring-data-commons\3.2.0\spring-data-commons-3.2.0.jar;D:\Users\hocem.zemouri-ext\.m2\repository\org\slf4j\slf4j-api\2.0.9\slf4j-api-2.0.9.jar;D:\Users\hocem.zemouri-ext\.m2\repository\org\springframework\boot\spring-boot-starter-web\3.2.0\spring-boot-starter-web-3.2.0.jar;D:\Users\hocem.zemouri-ext\.m2\repository\org\springframework\boot\spring-boot-starter-json\3.2.0\spring-boot-starter-json-3.2.0.jar;D:\Users\hocem.zemouri-ext\.m2\repository\com\fasterxml\jackson\core\jackson-databind\2.15.3\jackson-databind-2.15.3.jar;D:\Users\hocem.zemouri-ext\.m2\repository\com\fasterxml\jackson\core\jackson-annotations\2.15.3\jackson-annotations-2.15.3.jar;D:\Users\hocem.zemouri-ext\.m2\repository\com\fasterxml\jackson\core\jackson-core\2.15.3\jackson-core-2.15.3.jar;D:\Users\hocem.zemouri-ext\.m2\repository\com\fasterxml\jackson\datatype\jackson-datatype-jdk8\2.15.3\jackson-datatype-jdk8-2.15.3.jar;D:\Users\hocem.zemouri-ext\.m2\repository\com\fasterxml\jackson\datatype\jackson-datatype-jsr310\2.15.3\jackson-datatype-jsr310-2.15.3.jar;D:\Users\hocem.zemouri-ext\.m2\repository\com\fasterxml\jackson\module\jackson-module-parameter-names\2.15.3\jackson-module-parameter-names-2.15.3.jar;D:\Users\hocem.zemouri-ext\.m2\repository\org\springframework\boot\spring-boot-starter-tomcat\3.2.0\spring-boot-starter-tomcat-3.2.0.jar;D:\Users\hocem.zemouri-ext\.m2\repository\org\apache\tomcat\embed\tomcat-embed-core\10.1.16\tomcat-embed-core-10.1.16.jar;D:\Users\hocem.zemouri-ext\.m2\repository\org\apache\tomcat\embed\tomcat-embed-el\10.1.16\tomcat-embed-el-10.1.16.jar;D:\Users\hocem.zemouri-ext\.m2\repository\org\apache\tomcat\embed\tomcat-embed-websocket\10.1.16\tomcat-embed-websocket-10.1.16.jar;D:\Users\hocem.zemouri-ext\.m2\repository\org\springframework\spring-web\6.1.1\spring-web-6.1.1.jar;D:\Users\hocem.zemouri-ext\.m2\repository\io\micrometer\micrometer-observation\1.12.0\micrometer-observation-1.12.0.jar;D:\Users\hocem.zemouri-ext\.m2\repository\io\micrometer\micrometer-commons\1.12.0\micrometer-commons-1.12.0.jar;D:\Users\hocem.zemouri-ext\.m2\repository\org\springframework\spring-webmvc\6.1.1\spring-webmvc-6.1.1.jar;D:\Users\hocem.zemouri-ext\.m2\repository\org\springframework\spring-aop\6.1.1\spring-aop-6.1.1.jar;D:\Users\hocem.zemouri-ext\.m2\repository\org\projectlombok\lombok\1.18.30\lombok-1.18.30.jar;D:\Users\hocem.zemouri-ext\.m2\repository\org\springframework\boot\spring-boot-starter-test\3.2.0\spring-boot-starter-test-3.2.0.jar;D:\Users\hocem.zemouri-ext\.m2\repository\org\springframework\boot\spring-boot-test\3.2.0\spring-boot-test-3.2.0.jar;D:\Users\hocem.zemouri-ext\.m2\repository\org\springframework\boot\spring-boot-test-autoconfigure\3.2.0\spring-boot-test-autoconfigure-3.2.0.jar;D:\Users\hocem.zemouri-ext\.m2\repository\com\jayway\jsonpath\json-path\2.8.0\json-path-2.8.0.jar;D:\Users\hocem.zemouri-ext\.m2\repository\jakarta\xml\bind\jakarta.xml.bind-api\4.0.1\jakarta.xml.bind-api-4.0.1.jar;D:\Users\hocem.zemouri-ext\.m2\repository\jakarta\activation\jakarta.activation-api\2.1.2\jakarta.activation-api-2.1.2.jar;D:\Users\hocem.zemouri-ext\.m2\repository\net\minidev\json-smart\2.5.0\json-smart-2.5.0.jar;D:\Users\hocem.zemouri-ext\.m2\repository\net\minidev\accessors-smart\2.5.0\accessors-smart-2.5.0.jar;D:\Users\hocem.zemouri-ext\.m2\repository\org\ow2\asm\asm\9.3\asm-9.3.jar;D:\Users\hocem.zemouri-ext\.m2\repository\org\assertj\assertj-core\3.24.2\assertj-core-3.24.2.jar;D:\Users\hocem.zemouri-ext\.m2\repository\net\bytebuddy\byte-buddy\1.14.10\byte-buddy-1.14.10.jar;D:\Users\hocem.zemouri-ext\.m2\repository\org\awaitility\awaitility\4.2.0\awaitility-4.2.0.jar;D:\Users\hocem.zemouri-ext\.m2\repository\org\hamcrest\hamcrest\2.2\hamcrest-2.2.jar;D:\Users\hocem.zemouri-ext\.m2\repository\org\junit\jupiter\junit-jupiter\5.10.1\junit-jupiter-5.10.1.jar;D:\Users\hocem.zemouri-ext\.m2\repository\org\junit\jupiter\junit-jupiter-api\5.10.1\junit-jupiter-api-5.10.1.jar;D:\Users\hocem.zemouri-ext\.m2\repository\org\opentest4j\opentest4j\1.3.0\opentest4j-1.3.0.jar;D:\Users\hocem.zemouri-ext\.m2\repository\org\junit\platform\junit-platform-commons\1.10.1\junit-platform-commons-1.10.1.jar;D:\Users\hocem.zemouri-ext\.m2\repository\org\apiguardian\apiguardian-api\1.1.2\apiguardian-api-1.1.2.jar;D:\Users\hocem.zemouri-ext\.m2\repository\org\junit\jupiter\junit-jupiter-params\5.10.1\junit-jupiter-params-5.10.1.jar;D:\Users\hocem.zemouri-ext\.m2\repository\org\junit\jupiter\junit-jupiter-engine\5.10.1\junit-jupiter-engine-5.10.1.jar;D:\Users\hocem.zemouri-ext\.m2\repository\org\junit\platform\junit-platform-engine\1.10.1\junit-platform-engine-1.10.1.jar;D:\Users\hocem.zemouri-ext\.m2\repository\org\mockito\mockito-core\5.7.0\mockito-core-5.7.0.jar;D:\Users\hocem.zemouri-ext\.m2\repository\net\bytebuddy\byte-buddy-agent\1.14.10\byte-buddy-agent-1.14.10.jar;D:\Users\hocem.zemouri-ext\.m2\repository\org\objenesis\objenesis\3.3\objenesis-3.3.jar;D:\Users\hocem.zemouri-ext\.m2\repository\org\mockito\mockito-junit-jupiter\5.7.0\mockito-junit-jupiter-5.7.0.jar;D:\Users\hocem.zemouri-ext\.m2\repository\org\skyscreamer\jsonassert\1.5.1\jsonassert-1.5.1.jar;D:\Users\hocem.zemouri-ext\.m2\repository\com\vaadin\external\google\android-json\0.0.20131108.vaadin1\android-json-0.0.20131108.vaadin1.jar;D:\Users\hocem.zemouri-ext\.m2\repository\org\springframework\spring-core\6.1.1\spring-core-6.1.1.jar;D:\Users\hocem.zemouri-ext\.m2\repository\org\springframework\spring-jcl\6.1.1\spring-jcl-6.1.1.jar;D:\Users\hocem.zemouri-ext\.m2\repository\org\springframework\spring-test\6.1.1\spring-test-6.1.1.jar;D:\Users\hocem.zemouri-ext\.m2\repository\org\xmlunit\xmlunit-core\2.9.1\xmlunit-core-2.9.1.jar;D:\Users\hocem.zemouri-ext\.m2\repository\org\testcontainers\mongodb\1.19.3\mongodb-1.19.3.jar;D:\Users\hocem.zemouri-ext\.m2\repository\org\testcontainers\testcontainers\1.19.3\testcontainers-1.19.3.jar;D:\Users\hocem.zemouri-ext\.m2\repository\junit\junit\4.13.2\junit-4.13.2.jar;D:\Users\hocem.zemouri-ext\.m2\repository\org\hamcrest\hamcrest-core\2.2\hamcrest-core-2.2.jar;D:\Users\hocem.zemouri-ext\.m2\repository\org\apache\commons\commons-compress\1.24.0\commons-compress-1.24.0.jar;D:\Users\hocem.zemouri-ext\.m2\repository\org\rnorth\duct-tape\duct-tape\1.0.8\duct-tape-1.0.8.jar;D:\Users\hocem.zemouri-ext\.m2\repository\org\jetbrains\annotations\17.0.0\annotations-17.0.0.jar;D:\Users\hocem.zemouri-ext\.m2\repository\com\github\docker-java\docker-java-api\3.3.4\docker-java-api-3.3.4.jar;D:\Users\hocem.zemouri-ext\.m2\repository\com\github\docker-java\docker-java-transport-zerodep\3.3.4\docker-java-transport-zerodep-3.3.4.jar;D:\Users\hocem.zemouri-ext\.m2\repository\com\github\docker-java\docker-java-transport\3.3.4\docker-java-transport-3.3.4.jar;D:\Users\hocem.zemouri-ext\.m2\repository\net\java\dev\jna\jna\5.13.0\jna-5.13.0.jar;D:\Users\hocem.zemouri-ext\.m2\repository\org\testcontainers\junit-jupiter\1.19.3\junit-jupiter-1.19.3.jar;"/>
    <property name="java.vm.vendor" value="Oracle Corporation"/>
    <property name="sun.arch.data.model" value="64"/>
    <property name="user.variant" value=""/>
    <property name="java.vendor.url" value="https://java.oracle.com/"/>
    <property name="user.timezone" value="Europe/Paris"/>
    <property name="os.name" value="Windows 10"/>
    <property name="java.vm.specification.version" value="17"/>
    <property name="sun.java.launcher" value="SUN_STANDARD"/>
    <property name="user.country" value="FR"/>
    <property name="sun.boot.library.path" value="C:\Program Files\Java\jdk-17\bin"/>
    <property name="sun.java.command" value="D:\Users\hocem.zemouri-ext\AppData\Local\Temp\surefire8021352728767380475\surefirebooter-20231204144113001_3.jar D:\Users\hocem.zemouri-ext\AppData\Local\Temp\surefire8021352728767380475 2023-12-04T14-41-11_454-jvmRun1 surefire-20231204144113001_1tmp surefire_0-20231204144113001_2tmp"/>
    <property name="jdk.debug" value="release"/>
    <property name="surefire.test.class.path" value="D:\sandbox\DEV\java\ecommerce-ms\ms-parent\product-service\target\test-classes;D:\sandbox\DEV\java\ecommerce-ms\ms-parent\product-service\target\classes;D:\Users\hocem.zemouri-ext\.m2\repository\org\springframework\boot\spring-boot-starter-data-mongodb\3.2.0\spring-boot-starter-data-mongodb-3.2.0.jar;D:\Users\hocem.zemouri-ext\.m2\repository\org\springframework\boot\spring-boot-starter\3.2.0\spring-boot-starter-3.2.0.jar;D:\Users\hocem.zemouri-ext\.m2\repository\org\springframework\boot\spring-boot\3.2.0\spring-boot-3.2.0.jar;D:\Users\hocem.zemouri-ext\.m2\repository\org\springframework\boot\spring-boot-autoconfigure\3.2.0\spring-boot-autoconfigure-3.2.0.jar;D:\Users\hocem.zemouri-ext\.m2\repository\org\springframework\boot\spring-boot-starter-logging\3.2.0\spring-boot-starter-logging-3.2.0.jar;D:\Users\hocem.zemouri-ext\.m2\repository\ch\qos\logback\logback-classic\1.4.11\logback-classic-1.4.11.jar;D:\Users\hocem.zemouri-ext\.m2\repository\ch\qos\logback\logback-core\1.4.11\logback-core-1.4.11.jar;D:\Users\hocem.zemouri-ext\.m2\repository\org\apache\logging\log4j\log4j-to-slf4j\2.21.1\log4j-to-slf4j-2.21.1.jar;D:\Users\hocem.zemouri-ext\.m2\repository\org\apache\logging\log4j\log4j-api\2.21.1\log4j-api-2.21.1.jar;D:\Users\hocem.zemouri-ext\.m2\repository\org\slf4j\jul-to-slf4j\2.0.9\jul-to-slf4j-2.0.9.jar;D:\Users\hocem.zemouri-ext\.m2\repository\jakarta\annotation\jakarta.annotation-api\2.1.1\jakarta.annotation-api-2.1.1.jar;D:\Users\hocem.zemouri-ext\.m2\repository\org\yaml\snakeyaml\2.2\snakeyaml-2.2.jar;D:\Users\hocem.zemouri-ext\.m2\repository\org\mongodb\mongodb-driver-sync\4.11.1\mongodb-driver-sync-4.11.1.jar;D:\Users\hocem.zemouri-ext\.m2\repository\org\mongodb\bson\4.11.1\bson-4.11.1.jar;D:\Users\hocem.zemouri-ext\.m2\repository\org\mongodb\mongodb-driver-core\4.11.1\mongodb-driver-core-4.11.1.jar;D:\Users\hocem.zemouri-ext\.m2\repository\org\mongodb\bson-record-codec\4.11.1\bson-record-codec-4.11.1.jar;D:\Users\hocem.zemouri-ext\.m2\repository\org\springframework\data\spring-data-mongodb\4.2.0\spring-data-mongodb-4.2.0.jar;D:\Users\hocem.zemouri-ext\.m2\repository\org\springframework\spring-tx\6.1.1\spring-tx-6.1.1.jar;D:\Users\hocem.zemouri-ext\.m2\repository\org\springframework\spring-context\6.1.1\spring-context-6.1.1.jar;D:\Users\hocem.zemouri-ext\.m2\repository\org\springframework\spring-beans\6.1.1\spring-beans-6.1.1.jar;D:\Users\hocem.zemouri-ext\.m2\repository\org\springframework\spring-expression\6.1.1\spring-expression-6.1.1.jar;D:\Users\hocem.zemouri-ext\.m2\repository\org\springframework\data\spring-data-commons\3.2.0\spring-data-commons-3.2.0.jar;D:\Users\hocem.zemouri-ext\.m2\repository\org\slf4j\slf4j-api\2.0.9\slf4j-api-2.0.9.jar;D:\Users\hocem.zemouri-ext\.m2\repository\org\springframework\boot\spring-boot-starter-web\3.2.0\spring-boot-starter-web-3.2.0.jar;D:\Users\hocem.zemouri-ext\.m2\repository\org\springframework\boot\spring-boot-starter-json\3.2.0\spring-boot-starter-json-3.2.0.jar;D:\Users\hocem.zemouri-ext\.m2\repository\com\fasterxml\jackson\core\jackson-databind\2.15.3\jackson-databind-2.15.3.jar;D:\Users\hocem.zemouri-ext\.m2\repository\com\fasterxml\jackson\core\jackson-annotations\2.15.3\jackson-annotations-2.15.3.jar;D:\Users\hocem.zemouri-ext\.m2\repository\com\fasterxml\jackson\core\jackson-core\2.15.3\jackson-core-2.15.3.jar;D:\Users\hocem.zemouri-ext\.m2\repository\com\fasterxml\jackson\datatype\jackson-datatype-jdk8\2.15.3\jackson-datatype-jdk8-2.15.3.jar;D:\Users\hocem.zemouri-ext\.m2\repository\com\fasterxml\jackson\datatype\jackson-datatype-jsr310\2.15.3\jackson-datatype-jsr310-2.15.3.jar;D:\Users\hocem.zemouri-ext\.m2\repository\com\fasterxml\jackson\module\jackson-module-parameter-names\2.15.3\jackson-module-parameter-names-2.15.3.jar;D:\Users\hocem.zemouri-ext\.m2\repository\org\springframework\boot\spring-boot-starter-tomcat\3.2.0\spring-boot-starter-tomcat-3.2.0.jar;D:\Users\hocem.zemouri-ext\.m2\repository\org\apache\tomcat\embed\tomcat-embed-core\10.1.16\tomcat-embed-core-10.1.16.jar;D:\Users\hocem.zemouri-ext\.m2\repository\org\apache\tomcat\embed\tomcat-embed-el\10.1.16\tomcat-embed-el-10.1.16.jar;D:\Users\hocem.zemouri-ext\.m2\repository\org\apache\tomcat\embed\tomcat-embed-websocket\10.1.16\tomcat-embed-websocket-10.1.16.jar;D:\Users\hocem.zemouri-ext\.m2\repository\org\springframework\spring-web\6.1.1\spring-web-6.1.1.jar;D:\Users\hocem.zemouri-ext\.m2\repository\io\micrometer\micrometer-observation\1.12.0\micrometer-observation-1.12.0.jar;D:\Users\hocem.zemouri-ext\.m2\repository\io\micrometer\micrometer-commons\1.12.0\micrometer-commons-1.12.0.jar;D:\Users\hocem.zemouri-ext\.m2\repository\org\springframework\spring-webmvc\6.1.1\spring-webmvc-6.1.1.jar;D:\Users\hocem.zemouri-ext\.m2\repository\org\springframework\spring-aop\6.1.1\spring-aop-6.1.1.jar;D:\Users\hocem.zemouri-ext\.m2\repository\org\projectlombok\lombok\1.18.30\lombok-1.18.30.jar;D:\Users\hocem.zemouri-ext\.m2\repository\org\springframework\boot\spring-boot-starter-test\3.2.0\spring-boot-starter-test-3.2.0.jar;D:\Users\hocem.zemouri-ext\.m2\repository\org\springframework\boot\spring-boot-test\3.2.0\spring-boot-test-3.2.0.jar;D:\Users\hocem.zemouri-ext\.m2\repository\org\springframework\boot\spring-boot-test-autoconfigure\3.2.0\spring-boot-test-autoconfigure-3.2.0.jar;D:\Users\hocem.zemouri-ext\.m2\repository\com\jayway\jsonpath\json-path\2.8.0\json-path-2.8.0.jar;D:\Users\hocem.zemouri-ext\.m2\repository\jakarta\xml\bind\jakarta.xml.bind-api\4.0.1\jakarta.xml.bind-api-4.0.1.jar;D:\Users\hocem.zemouri-ext\.m2\repository\jakarta\activation\jakarta.activation-api\2.1.2\jakarta.activation-api-2.1.2.jar;D:\Users\hocem.zemouri-ext\.m2\repository\net\minidev\json-smart\2.5.0\json-smart-2.5.0.jar;D:\Users\hocem.zemouri-ext\.m2\repository\net\minidev\accessors-smart\2.5.0\accessors-smart-2.5.0.jar;D:\Users\hocem.zemouri-ext\.m2\repository\org\ow2\asm\asm\9.3\asm-9.3.jar;D:\Users\hocem.zemouri-ext\.m2\repository\org\assertj\assertj-core\3.24.2\assertj-core-3.24.2.jar;D:\Users\hocem.zemouri-ext\.m2\repository\net\bytebuddy\byte-buddy\1.14.10\byte-buddy-1.14.10.jar;D:\Users\hocem.zemouri-ext\.m2\repository\org\awaitility\awaitility\4.2.0\awaitility-4.2.0.jar;D:\Users\hocem.zemouri-ext\.m2\repository\org\hamcrest\hamcrest\2.2\hamcrest-2.2.jar;D:\Users\hocem.zemouri-ext\.m2\repository\org\junit\jupiter\junit-jupiter\5.10.1\junit-jupiter-5.10.1.jar;D:\Users\hocem.zemouri-ext\.m2\repository\org\junit\jupiter\junit-jupiter-api\5.10.1\junit-jupiter-api-5.10.1.jar;D:\Users\hocem.zemouri-ext\.m2\repository\org\opentest4j\opentest4j\1.3.0\opentest4j-1.3.0.jar;D:\Users\hocem.zemouri-ext\.m2\repository\org\junit\platform\junit-platform-commons\1.10.1\junit-platform-commons-1.10.1.jar;D:\Users\hocem.zemouri-ext\.m2\repository\org\apiguardian\apiguardian-api\1.1.2\apiguardian-api-1.1.2.jar;D:\Users\hocem.zemouri-ext\.m2\repository\org\junit\jupiter\junit-jupiter-params\5.10.1\junit-jupiter-params-5.10.1.jar;D:\Users\hocem.zemouri-ext\.m2\repository\org\junit\jupiter\junit-jupiter-engine\5.10.1\junit-jupiter-engine-5.10.1.jar;D:\Users\hocem.zemouri-ext\.m2\repository\org\junit\platform\junit-platform-engine\1.10.1\junit-platform-engine-1.10.1.jar;D:\Users\hocem.zemouri-ext\.m2\repository\org\mockito\mockito-core\5.7.0\mockito-core-5.7.0.jar;D:\Users\hocem.zemouri-ext\.m2\repository\net\bytebuddy\byte-buddy-agent\1.14.10\byte-buddy-agent-1.14.10.jar;D:\Users\hocem.zemouri-ext\.m2\repository\org\objenesis\objenesis\3.3\objenesis-3.3.jar;D:\Users\hocem.zemouri-ext\.m2\repository\org\mockito\mockito-junit-jupiter\5.7.0\mockito-junit-jupiter-5.7.0.jar;D:\Users\hocem.zemouri-ext\.m2\repository\org\skyscreamer\jsonassert\1.5.1\jsonassert-1.5.1.jar;D:\Users\hocem.zemouri-ext\.m2\repository\com\vaadin\external\google\android-json\0.0.20131108.vaadin1\android-json-0.0.20131108.vaadin1.jar;D:\Users\hocem.zemouri-ext\.m2\repository\org\springframework\spring-core\6.1.1\spring-core-6.1.1.jar;D:\Users\hocem.zemouri-ext\.m2\repository\org\springframework\spring-jcl\6.1.1\spring-jcl-6.1.1.jar;D:\Users\hocem.zemouri-ext\.m2\repository\org\springframework\spring-test\6.1.1\spring-test-6.1.1.jar;D:\Users\hocem.zemouri-ext\.m2\repository\org\xmlunit\xmlunit-core\2.9.1\xmlunit-core-2.9.1.jar;D:\Users\hocem.zemouri-ext\.m2\repository\org\testcontainers\mongodb\1.19.3\mongodb-1.19.3.jar;D:\Users\hocem.zemouri-ext\.m2\repository\org\testcontainers\testcontainers\1.19.3\testcontainers-1.19.3.jar;D:\Users\hocem.zemouri-ext\.m2\repository\junit\junit\4.13.2\junit-4.13.2.jar;D:\Users\hocem.zemouri-ext\.m2\repository\org\hamcrest\hamcrest-core\2.2\hamcrest-core-2.2.jar;D:\Users\hocem.zemouri-ext\.m2\repository\org\apache\commons\commons-compress\1.24.0\commons-compress-1.24.0.jar;D:\Users\hocem.zemouri-ext\.m2\repository\org\rnorth\duct-tape\duct-tape\1.0.8\duct-tape-1.0.8.jar;D:\Users\hocem.zemouri-ext\.m2\repository\org\jetbrains\annotations\17.0.0\annotations-17.0.0.jar;D:\Users\hocem.zemouri-ext\.m2\repository\com\github\docker-java\docker-java-api\3.3.4\docker-java-api-3.3.4.jar;D:\Users\hocem.zemouri-ext\.m2\repository\com\github\docker-java\docker-java-transport-zerodep\3.3.4\docker-java-transport-zerodep-3.3.4.jar;D:\Users\hocem.zemouri-ext\.m2\repository\com\github\docker-java\docker-java-transport\3.3.4\docker-java-transport-3.3.4.jar;D:\Users\hocem.zemouri-ext\.m2\repository\net\java\dev\jna\jna\5.13.0\jna-5.13.0.jar;D:\Users\hocem.zemouri-ext\.m2\repository\org\testcontainers\junit-jupiter\1.19.3\junit-jupiter-1.19.3.jar;"/>
    <property name="sun.cpu.endian" value="little"/>
    <property name="user.home" value="D:\Users\hocem.zemouri-ext"/>
    <property name="user.language" value="fr"/>
    <property name="java.specification.vendor" value="Oracle Corporation"/>
    <property name="java.version.date" value="2023-07-18"/>
    <property name="java.home" value="C:\Program Files\Java\jdk-17"/>
    <property name="file.separator" value="\"/>
    <property name="basedir" value="D:\sandbox\DEV\java\ecommerce-ms\ms-parent\product-service"/>
    <property name="java.vm.compressedOopsMode" value="Zero based"/>
    <property name="line.separator" value="&#10;"/>
    <property name="java.vm.specification.vendor" value="Oracle Corporation"/>
    <property name="java.specification.name" value="Java Platform API Specification"/>
    <property name="FILE_LOG_CHARSET" value="windows-1252"/>
    <property name="java.awt.headless" value="true"/>
    <property name="surefire.real.class.path" value="D:\Users\hocem.zemouri-ext\AppData\Local\Temp\surefire8021352728767380475\surefirebooter-20231204144113001_3.jar"/>
    <property name="user.script" value=""/>
    <property name="sun.management.compiler" value="HotSpot 64-Bit Tiered Compilers"/>
    <property name="java.runtime.version" value="17.0.8+9-LTS-211"/>
    <property name="user.name" value="hocem.zemouri-ext"/>
    <property name="path.separator" value=";"/>
    <property name="os.version" value="10.0"/>
    <property name="java.runtime.name" value="Java(TM) SE Runtime Environment"/>
    <property name="file.encoding" value="Cp1252"/>
    <property name="java.vm.name" value="Java HotSpot(TM) 64-Bit Server VM"/>
    <property name="localRepository" value="D:\Users\hocem.zemouri-ext\.m2\repository"/>
    <property name="java.vendor.url.bug" value="https://bugreport.java.com/bugreport/"/>
    <property name="java.io.tmpdir" value="D:\Users\hocem.zemouri-ext\AppData\Local\Temp\"/>
    <property name="idea.version" value="2022.2.1"/>
    <property name="java.version" value="17.0.8"/>
    <property name="user.dir" value="D:\sandbox\DEV\java\ecommerce-ms\ms-parent\product-service"/>
    <property name="os.arch" value="amd64"/>
    <property name="java.vm.specification.name" value="Java Virtual Machine Specification"/>
    <property name="PID" value="17748"/>
    <property name="sun.os.patch.level" value=""/>
    <property name="CONSOLE_LOG_CHARSET" value="windows-1252"/>
    <property name="native.encoding" value="Cp1252"/>
    <property name="java.library.path" value="C:\Program Files\Java\jdk-17\bin;C:\Windows\Sun\Java\bin;C:\Windows\system32;C:\Windows;C:\Program Files\Common Files\Oracle\Java\javapath;D:\Program Files\OpenLogic\jdk-11.0.20.8-hotspot\bin;C:\Python27\;C:\Python27\Scripts;C:\Python311\Scripts\;C:\Python311\;C:\Program Files\Java\jdk1.8.0_202\bin;C:\Program Files (x86)\Common Files\Oracle\Java\javapath;C:\Windows\system32;C:\Windows;C:\Windows\System32\Wbem;C:\Windows\System32\WindowsPowerShell\v1.0\;C:\Windows\System32\OpenSSH\;D:\apache-maven-3.8.6\bin;C:\Program Files\MySQL\MySQL Server 8.0\bin;C:\Program Files\PuTTY\;C:\Program Files\Git\cmd;C:\Program Files\Docker\Docker\resources\bin;C:\ProgramData\chocolatey\bin;%AppData%\npm;C:\Program Files\nodejs\;C:\Program Files\SlikSvn\bin;C:\Program Files\TortoiseSVN\bin;D:\Users\hocem.zemouri-ext\AppData\Local\Programs\Python\Python312\Scripts\;D:\Users\hocem.zemouri-ext\AppData\Local\Programs\Python\Python312\;D:\Users\hocem.zemouri-ext\AppData\Local\Microsoft\WindowsApps;D:\Users\hocem.zemouri-ext\AppData\Local\Programs\Microsoft VS Code\bin;D:\Users\hocem.zemouri-ext\AppData\Local\Programs\Fiddler;D:\Users\hocem.zemouri-ext\AppData\Local\JetBrains\Toolbox\scripts;D:\Users\hocem.zemouri-ext\AppData\Roaming\npm;D:\Program Files\mongosh\;."/>
    <property name="java.vm.info" value="mixed mode, sharing"/>
    <property name="java.vendor" value="Oracle Corporation"/>
    <property name="java.vm.version" value="17.0.8+9-LTS-211"/>
    <property name="sun.io.unicode.encoding" value="UnicodeLittle"/>
    <property name="java.class.version" value="61.0"/>
  </properties>
  <testcase name="shouldCreateProduct" classname="fr.dovi.productservice.ProductServiceApplicationTests" time="1.361">
    <system-out><![CDATA[14:41:14.090 [main] INFO org.springframework.test.context.support.AnnotationConfigContextLoaderUtils -- Could not detect default configuration classes for test class [fr.dovi.productservice.ProductServiceApplicationTests]: ProductServiceApplicationTests does not declare any static, non-private, non-final, nested classes annotated with @Configuration.
14:41:14.215 [main] INFO org.springframework.boot.test.context.SpringBootTestContextBootstrapper -- Found @SpringBootConfiguration fr.dovi.productservice.ProductServiceApplication for test class fr.dovi.productservice.ProductServiceApplicationTests
14:41:14.382 [main] INFO org.testcontainers.images.PullPolicy -- Image pull policy will be performed by: DefaultPullPolicy()
14:41:14.385 [main] INFO org.testcontainers.utility.ImageNameSubstitutor -- Image name substitution will be performed by: DefaultImageNameSubstitutor (composite of 'ConfigurationFileImageNameSubstitutor' and 'PrefixingImageNameSubstitutor')
14:41:14.754 [main] INFO org.testcontainers.dockerclient.DockerClientProviderStrategy -- Loaded org.testcontainers.dockerclient.NpipeSocketClientProviderStrategy from ~/.testcontainers.properties, will try it first
14:41:15.202 [main] INFO org.testcontainers.dockerclient.DockerClientProviderStrategy -- Found Docker environment with local Npipe socket (npipe:////./pipe/docker_engine)
14:41:15.204 [main] INFO org.testcontainers.DockerClientFactory -- Docker host IP address is localhost
14:41:15.229 [main] INFO org.testcontainers.DockerClientFactory -- Connected to docker: 
  Server Version: 20.10.21
  API Version: 1.41
  Operating System: Docker Desktop
  Total Memory: 12559 MB
14:41:15.276 [main] INFO tc.testcontainers/ryuk:0.5.1 -- Creating container for image: testcontainers/ryuk:0.5.1
14:41:16.167 [main] INFO org.testcontainers.utility.RegistryAuthLocator -- Credential helper/store (docker-credential-desktop) does not have credentials for https://index.docker.io/v1/
14:41:16.332 [main] INFO tc.testcontainers/ryuk:0.5.1 -- Container testcontainers/ryuk:0.5.1 is starting: 3aca89a74d6266507bd5e559ce18f718026af215c8c950c6f81fee48d46aa600
14:41:17.225 [main] INFO tc.testcontainers/ryuk:0.5.1 -- Container testcontainers/ryuk:0.5.1 started in PT1.9491932S
14:41:17.243 [main] INFO org.testcontainers.utility.RyukResourceReaper -- Ryuk started - will monitor and terminate Testcontainers containers on JVM exit
14:41:17.243 [main] INFO org.testcontainers.DockerClientFactory -- Checking the system...
14:41:17.244 [main] INFO org.testcontainers.DockerClientFactory -- ?? Docker server version should be at least 1.6.0
14:41:17.244 [main] INFO tc.mongo:4.4.2 -- Creating container for image: mongo:4.4.2
14:41:17.316 [main] INFO tc.mongo:4.4.2 -- Container mongo:4.4.2 is starting: a10d5714ecfad3a5d0a273ed27eb8049e3e225ae315e41eba2cc1da618409581
14:41:18.643 [main] INFO tc.mongo:4.4.2 -- Container mongo:4.4.2 started in PT1.3987114S

  .   ____          _            __ _ _
 /\\ / ___'_ __ _ _(_)_ __  __ _ \ \ \ \
( ( )\___ | '_ | '_| | '_ \/ _` | \ \ \ \
 \\/  ___)| |_)| | | | | || (_| |  ) ) ) )
  '  |____| .__|_| |_|_| |_\__, | / / / /
 =========|_|==============|___/=/_/_/_/
 :: Spring Boot ::                (v3.2.0)

2023-12-04T14:41:20.465+01:00  INFO 17748 --- [           main] f.d.p.ProductServiceApplicationTests     : Starting ProductServiceApplicationTests using Java 17.0.8 with PID 17748 (started by hocem.zemouri-ext in D:\sandbox\DEV\java\ecommerce-ms\ms-parent\product-service)
2023-12-04T14:41:20.466+01:00  INFO 17748 --- [           main] f.d.p.ProductServiceApplicationTests     : No active profile set, falling back to 1 default profile: "default"
2023-12-04T14:41:21.117+01:00  INFO 17748 --- [           main] .s.d.r.c.RepositoryConfigurationDelegate : Bootstrapping Spring Data MongoDB repositories in DEFAULT mode.
2023-12-04T14:41:21.205+01:00  INFO 17748 --- [           main] .s.d.r.c.RepositoryConfigurationDelegate : Finished Spring Data repository scanning in 80 ms. Found 1 MongoDB repository interface.
2023-12-04T14:41:21.753+01:00  INFO 17748 --- [           main] org.mongodb.driver.client                : MongoClient with metadata {"driver": {"name": "mongo-java-driver|sync|spring-boot", "version": "4.11.1"}, "os": {"type": "Windows", "name": "Windows 10", "architecture": "amd64", "version": "10.0"}, "platform": "Java/Oracle Corporation/17.0.8+9-LTS-211"} created with settings MongoClientSettings{readPreference=primary, writeConcern=WriteConcern{w=null, wTimeout=null ms, journal=null}, retryWrites=true, retryReads=true, readConcern=ReadConcern{level=null}, credential=null, transportSettings=null, streamFactoryFactory=null, commandListeners=[], codecRegistry=ProvidersCodecRegistry{codecProviders=[ValueCodecProvider{}, BsonValueCodecProvider{}, DBRefCodecProvider{}, DBObjectCodecProvider{}, DocumentCodecProvider{}, CollectionCodecProvider{}, IterableCodecProvider{}, MapCodecProvider{}, GeoJsonCodecProvider{}, GridFSFileCodecProvider{}, Jsr310CodecProvider{}, JsonObjectCodecProvider{}, BsonCodecProvider{}, EnumCodecProvider{}, com.mongodb.client.model.mql.ExpressionCodecProvider@600bbf9e, com.mongodb.Jep395RecordCodecProvider@18d30e7, com.mongodb.KotlinCodecProvider@72b40f87]}, loggerSettings=LoggerSettings{maxDocumentLength=1000}, clusterSettings={hosts=[localhost:57488], srvServiceName=mongodb, mode=SINGLE, requiredClusterType=UNKNOWN, requiredReplicaSetName='null', serverSelector='null', clusterListeners='[]', serverSelectionTimeout='30000 ms', localThreshold='15 ms'}, socketSettings=SocketSettings{connectTimeoutMS=10000, readTimeoutMS=0, receiveBufferSize=0, proxySettings=ProxySettings{host=null, port=null, username=null, password=null}}, heartbeatSocketSettings=SocketSettings{connectTimeoutMS=10000, readTimeoutMS=10000, receiveBufferSize=0, proxySettings=ProxySettings{host=null, port=null, username=null, password=null}}, connectionPoolSettings=ConnectionPoolSettings{maxSize=100, minSize=0, maxWaitTimeMS=120000, maxConnectionLifeTimeMS=0, maxConnectionIdleTimeMS=0, maintenanceInitialDelayMS=0, maintenanceFrequencyMS=60000, connectionPoolListeners=[], maxConnecting=2}, serverSettings=ServerSettings{heartbeatFrequencyMS=10000, minHeartbeatFrequencyMS=500, serverListeners='[]', serverMonitorListeners='[]'}, sslSettings=SslSettings{enabled=false, invalidHostNameAllowed=false, context=null}, applicationName='null', compressorList=[], uuidRepresentation=JAVA_LEGACY, serverApi=null, autoEncryptionSettings=null, dnsClient=null, inetAddressResolver=null, contextProvider=null}
2023-12-04T14:41:21.776+01:00  INFO 17748 --- [localhost:57488] org.mongodb.driver.cluster               : Monitor thread successfully connected to server with description ServerDescription{address=localhost:57488, type=REPLICA_SET_PRIMARY, state=CONNECTED, ok=true, minWireVersion=0, maxWireVersion=9, maxDocumentSize=16777216, logicalSessionTimeoutMinutes=30, roundTripTimeNanos=41265900, setName='docker-rs', canonicalAddress=a10d5714ecfa:27017, hosts=[a10d5714ecfa:27017], passives=[], arbiters=[], primary='a10d5714ecfa:27017', tagSet=TagSet{[]}, electionId=7fffffff0000000000000001, setVersion=1, topologyVersion=TopologyVersion{processId=656dd6fd0a262648ab54e257, counter=6}, lastWriteDate=Mon Dec 04 14:41:19 CET 2023, lastUpdateTimeNanos=18308132245700}
2023-12-04T14:41:22.809+01:00  INFO 17748 --- [           main] o.s.b.t.m.w.SpringBootMockServletContext : Initializing Spring TestDispatcherServlet ''
2023-12-04T14:41:22.809+01:00  INFO 17748 --- [           main] o.s.t.web.servlet.TestDispatcherServlet  : Initializing Servlet ''
2023-12-04T14:41:22.813+01:00  INFO 17748 --- [           main] o.s.t.web.servlet.TestDispatcherServlet  : Completed initialization in 1 ms
2023-12-04T14:41:22.841+01:00  INFO 17748 --- [           main] f.d.p.ProductServiceApplicationTests     : Started ProductServiceApplicationTests in 2.668 seconds (process running for 9.666)
2023-12-04T14:41:24.177+01:00  INFO 17748 --- [           main] f.d.p.service.ProductService             : Product 656dd7048b5d6578d892f293 is saved successfully
]]></system-out>
  </testcase>
  <testcase name="shouldGetAllProducts" classname="fr.dovi.productservice.ProductServiceApplicationTests" time="0.037"/>
</testsuite>